warning: Git tree '/home/matthew_hre/nix-config' is dirty
copying path '/nix/store/3rfn91lqch3wchpgqamxl8sazbpnxbm9-source' from 'https://cache.nixos.org'...
building the system configuration...
warning: Git tree '/home/matthew_hre/nix-config' is dirty
copying path '/nix/store/lrmxkfadhlcrakza60w0mc8sc327a5qg-source' from 'https://cache.nixos.org'...
copying path '/nix/store/c20anf5pvrshqbp4mxp2xbhi2nbrq05h-source' from 'https://cache.nixos.org'...
these 25 derivations will be built:
  /nix/store/0qzxlby2w83yq5yd8zk69mc4r3wf6cqn-unit-pipewire.socket-disabled.drv
  /nix/store/13mi6glnk20qhms25nx7q3hgvvpf2vxf-stage-2-init.sh.drv
  /nix/store/57mv43kz00d3c2bw28ipf1spivmc82sf-obsidian.desktop.drv
  /nix/store/pqxahwjxjn53vs36njl86a44cccg6dqz-obsidian-1.6.7.tar.gz.drv
  /nix/store/wl5gwga0gi3a7iwd8il3cpr7b6gw7sf2-obsidian-logo-gradient.svg.drv
  /nix/store/f67n5yjjhkjwi5d86qlgq880yj3ks233-obsidian-1.6.7.drv
  /nix/store/nwm8zpr89l5ipxyds0vjdfijlavjf85b-builder.pl.drv
  /nix/store/gjasv4rkbzyfhw4jw93ak448qqvz6w9j-system-path.drv
  /nix/store/1a6nq490wf53ypm3gnkm0zn70x1f2fv2-X-Restart-Triggers-polkit.drv
  /nix/store/3hc4gmfk2ksxvd9plg90rvshfb4g7xra-check-sshd-config.drv
  /nix/store/3ijbc5nx9iw26hr61d693c1s5vhzyd4r-unit-wireplumber.service-disabled.drv
  /nix/store/9jvzv3vxbirpggfjpqbh3vpfap4n3ccm-dbus-1.drv
  /nix/store/qjm6qkxfaj2c6i1vhwrhwgvr7a0kfvy5-X-Restart-Triggers-dbus.drv
  /nix/store/g2k5i9jrxqpyajpa8flqk58084bi915k-unit-dbus.service.drv
  /nix/store/5xq8jws0gjnlqnm0w3sjpciavqz8bn8i-user-units.drv
  /nix/store/7w0r8n1b74mnryd3bb26rx9b9v54hh2y-unit-dbus.service.drv
  /nix/store/8zcrbha0ryxn0bblna1sdj5913kdnxc7-unit-console-getty.service-disabled.drv
  /nix/store/91ydhybfv37ifbna9114k1j0wynq362j-ensure-all-wrappers-paths-exist.drv
  /nix/store/gkdr2ndwh94jygdigf57bhsd828hv3lv-boot.json.drv
  /nix/store/gn9lyzd1549nf7a50db8fg7g608azcgh-unit-pipewire.service-disabled.drv
  /nix/store/h6qn59mim9wff498hyf3qrnc1czjr6x8-unit-polkit.service.drv
  /nix/store/z99qhn3dpzfy461jyj009b2w3j5j7qyy-unit-accounts-daemon.service.drv
  /nix/store/ybc4a3q7m5r4a4z304hr4nm38i24w0x7-system-units.drv
  /nix/store/jzrqjajr6y79nakf37yv35iz45y9v56l-etc.drv
  /nix/store/wh6asyjm8pz6hgqcw8ylx5rha8ik9adc-nixos-system-yoshi-24.11.20240814.c3aa7b8.drv
these 64 paths will be fetched (16.71 MiB download, 76.24 MiB unpacked):
  /nix/store/xq8m8k8s13jzmalabd4ngargl62kafia-curl-8.9.0
  /nix/store/0n7cj4pdf5nkcv6kg2jd4ywjnp8aa9hk-curl-8.9.0-bin
  /nix/store/4cvhp3ngf5nafp58vx6saypvdybijq8y-curl-8.9.0-dev
  /nix/store/wsv4nk804b2gwglgzvgwp8h4xqjk23xh-curl-8.9.0-dev
  /nix/store/smzzjvi2ckqhgc7i9agjpcf6wmw2l2j7-curl-8.9.0-man
  /nix/store/4l1h8935v8k57ffazsvzabp993awbkzq-die-hook
  /nix/store/a95s3cnildi0ggnbhsng2mzjifkzp72h-djvulibre-3.5.28-bin
  /nix/store/kiyw2yax3a1jr23y9lsfvm7537icpn7r-djvulibre-3.5.28-dev
  /nix/store/2cqhdkxl71p1afk02g34hm3mbzwb8h1a-file-5.45
  /nix/store/wj49cdd0jipxgdagarwvmmhbswr6p47w-file-5.45-dev
  /nix/store/5gvfnbl3g6a8as028qa8hmsrji3a4f33-getconf-glibc-2.39-52
  /nix/store/73bl6lvm8i94zw7lg46597pmkm35im3f-gnu-config-2024-01-01
  /nix/store/nkza13k6khbmm7z2j6vj40k7081w6c9q-gnumake-4.4.1
  /nix/store/lak20cqn663zwkbrb5ak39idzq23lxih-graphite2-1.3.14-dev
  /nix/store/72ddhqsm72lbzdv1izi97fdxbc7215i8-harfbuzz-9.0.0-dev
  /nix/store/vyn6g3bs8xqfcxhhldj6dvj15jbxi98f-ilmbase-2.5.10-dev
  /nix/store/d60nmab62d6zxrwsad7ikqajdnsl4zpr-imagemagick-7.1.1-36
  /nix/store/hia3sw6xl3alp4agb3h0ljkbij2fskm3-imagemagick-7.1.1-36-dev
  /nix/store/jwmczzgv44kdag3njn1simvm58asp1pi-imagemagick-7.1.1-36-doc
  /nix/store/c2vj3mkpckskmkxn2i8b5wk35sjn1q5v-lcms2-2.16-bin
  /nix/store/g3i4s2p36biapi428i0lw5b66gbn0640-lcms2-2.16-dev
  /nix/store/bkk535pdw8ygizc6i3yijz57d5s917a5-libICE-1.1.1-dev
  /nix/store/bmhsykwcj7rpklgsi9i6w9ii2wbw80fk-libSM-1.2.4-dev
  /nix/store/il13030niwjgic86g919p1m75knnlg4l-libXft-2.3.8-dev
  /nix/store/1fhblvwz4i1qvm6r1gbyvhi5y4i7hcp6-libXt-1.3.0-dev
  /nix/store/2khqswy11csv3cbk8668r7fb6ib0hsd5-libheif-1.18.0-bin
  /nix/store/q3xp033iranx47sc4lv6z0i99sfklmfj-libheif-1.18.0-dev
  /nix/store/nhl678qdr8sp3wr0yygnspwa2yjavj7m-libhwy-1.0.7
  /nix/store/1lhdfnq0lk84ccby3ll01snxqgfxsw36-libidn2-2.3.7-dev
  /nix/store/mird9i22lm3zfwavg8sp2qh15djsip38-libjxl-0.10.3-dev
  /nix/store/dqg1jqa2zvwaxinmr2mzia507hbvkbi5-libkrb5-1.21.3
  /nix/store/wnjrsgfv3jncmf2yx0kb84fn05zppp34-libkrb5-1.21.3-dev
  /nix/store/znmb907x4l8fs4ryk2knxm7ch15cs575-libkrb5-1.21.3-dev
  /nix/store/j5axiqkqrj01njgdbbqqi71zvnx5dj64-liblqr-1-0.4.2
  /nix/store/22fgrizlq583p83bb5rlvclrnprqz5vd-liblqr-1-0.4.2-dev
  /nix/store/zp3acgr7k0kfip6l04vz50hfyj5hnnw4-libpsl-0.21.5-dev
  /nix/store/yvfdsrdihzrsd2y6ci2id5alrdcjxg2c-libraw-0.21.2
  /nix/store/kcgp2pgldgvmpx6pd8av796dzxpzga3j-libraw-0.21.2-dev
  /nix/store/al83nrgg1q9qirsxcg30pzwj7mk4vw5p-libssh2-1.11.0
  /nix/store/1lrkymch3y0adliv36ikdddfsvif277q-libssh2-1.11.0-dev
  /nix/store/jjfmrvi9l7ng5rdsw2jdp5j840l6k31k-libssh2-1.11.0-dev
  /nix/store/ijadl6nsmfnlv3dybjw478whdixgpz2k-libxml2-2.13.3-bin
  /nix/store/v5iqpidgngl4wrm2j0a198803qg2y247-libxml2-2.13.3-dev
  /nix/store/1ld80ych0xs15rpbcvfs7ffwd3najssm-libxslt-1.1.42-bin
  /nix/store/y9d92y3krswcc3q3ac0wn3pffkdcp5cn-lndir-1.0.5
  /nix/store/vyw8hgj89gj665cwlw1qxpnb0sxfr9zh-make-shell-wrapper-hook
  /nix/store/a4bfg6gghl49lrl49d4hms5dvdj5r3wf-mirrors-list
  /nix/store/bd2j5i1pzhxgigaprkdvibsjgp5fqfdf-nghttp2-1.62.1
  /nix/store/ax7aw1gacjs7l8cqq7yj8w6bn864qd1q-nghttp2-1.62.1-dev
  /nix/store/hb12nd84kbk9shj9n1f6rvfplqc93an6-nghttp2-1.62.1-dev
  /nix/store/f2qb1yzy30brxdr3wcw5scnvyh7ay3hb-nghttp2-1.62.1-lib
  /nix/store/78r149sk5dccy8i7jfan9k6iwis5k1vs-openexr-2.5.10-bin
  /nix/store/rh8f61dmkadbzllxg846zbhbj0dzzldj-openexr-2.5.10-dev
  /nix/store/fazphc8g4fx13n59rikmwjdg9crggqk8-openjpeg-2.5.2-dev
  /nix/store/h7clsl043dy9hzl12cdvxrvg8hcks26s-openssl-3.0.14
  /nix/store/pcl5l1058kvfdbxqgs3liylilwrp6vrj-openssl-3.0.14-bin
  /nix/store/85by4f63k5zfhk321k9r64ssddfrf0kq-openssl-3.0.14-dev
  /nix/store/f6a81f3wnj3xrr06x0yydz6q5z5h81rw-pango-1.52.2-dev
  /nix/store/ywz6s6bzap4x6yhg2lrx3ibqcnv051c7-patchelf-0.15.0
  /nix/store/hix7sl0wxajb5aq14afjdvzc3w0i8b14-stdenv-linux
  /nix/store/wb3pwfzcp5gyyhb51a69bwzznipmmgyq-stdenv-linux
  /nix/store/9sajkcr3631c26xlwxxffpzkzy67k40j-texinfo-7.1
  /nix/store/wwvykr387hfxjy24bkm9r2vmd5skd415-update-autotools-gnu-config-scripts-hook
  /nix/store/mdjw83x3g8z32x4zlp68pak40wy970sl-xkb-validated
copying path '/nix/store/mdjw83x3g8z32x4zlp68pak40wy970sl-xkb-validated' from 'https://cache.nixos.org'...
copying path '/nix/store/73bl6lvm8i94zw7lg46597pmkm35im3f-gnu-config-2024-01-01' from 'https://cache.nixos.org'...
copying path '/nix/store/2cqhdkxl71p1afk02g34hm3mbzwb8h1a-file-5.45' from 'https://cache.nixos.org'...
copying path '/nix/store/5gvfnbl3g6a8as028qa8hmsrji3a4f33-getconf-glibc-2.39-52' from 'https://cache.nixos.org'...
copying path '/nix/store/nkza13k6khbmm7z2j6vj40k7081w6c9q-gnumake-4.4.1' from 'https://cache.nixos.org'...
copying path '/nix/store/ywz6s6bzap4x6yhg2lrx3ibqcnv051c7-patchelf-0.15.0' from 'https://cache.nixos.org'...
copying path '/nix/store/9sajkcr3631c26xlwxxffpzkzy67k40j-texinfo-7.1' from 'https://cache.nixos.org'...
copying path '/nix/store/1ld80ych0xs15rpbcvfs7ffwd3najssm-libxslt-1.1.42-bin' from 'https://cache.nixos.org'...
copying path '/nix/store/y9d92y3krswcc3q3ac0wn3pffkdcp5cn-lndir-1.0.5' from 'https://cache.nixos.org'...
copying path '/nix/store/4l1h8935v8k57ffazsvzabp993awbkzq-die-hook' from 'https://cache.nixos.org'...
copying path '/nix/store/jwmczzgv44kdag3njn1simvm58asp1pi-imagemagick-7.1.1-36-doc' from 'https://cache.nixos.org'...
copying path '/nix/store/nhl678qdr8sp3wr0yygnspwa2yjavj7m-libhwy-1.0.7' from 'https://cache.nixos.org'...
copying path '/nix/store/wj49cdd0jipxgdagarwvmmhbswr6p47w-file-5.45-dev' from 'https://cache.nixos.org'...
copying path '/nix/store/lak20cqn663zwkbrb5ak39idzq23lxih-graphite2-1.3.14-dev' from 'https://cache.nixos.org'...
copying path '/nix/store/vyn6g3bs8xqfcxhhldj6dvj15jbxi98f-ilmbase-2.5.10-dev' from 'https://cache.nixos.org'...
copying path '/nix/store/bkk535pdw8ygizc6i3yijz57d5s917a5-libICE-1.1.1-dev' from 'https://cache.nixos.org'...
copying path '/nix/store/smzzjvi2ckqhgc7i9agjpcf6wmw2l2j7-curl-8.9.0-man' from 'https://cache.nixos.org'...
copying path '/nix/store/a95s3cnildi0ggnbhsng2mzjifkzp72h-djvulibre-3.5.28-bin' from 'https://cache.nixos.org'...
copying path '/nix/store/c2vj3mkpckskmkxn2i8b5wk35sjn1q5v-lcms2-2.16-bin' from 'https://cache.nixos.org'...
copying path '/nix/store/il13030niwjgic86g919p1m75knnlg4l-libXft-2.3.8-dev' from 'https://cache.nixos.org'...
copying path '/nix/store/2khqswy11csv3cbk8668r7fb6ib0hsd5-libheif-1.18.0-bin' from 'https://cache.nixos.org'...
copying path '/nix/store/1lhdfnq0lk84ccby3ll01snxqgfxsw36-libidn2-2.3.7-dev' from 'https://cache.nixos.org'...
copying path '/nix/store/dqg1jqa2zvwaxinmr2mzia507hbvkbi5-libkrb5-1.21.3' from 'https://cache.nixos.org'...
copying path '/nix/store/wnjrsgfv3jncmf2yx0kb84fn05zppp34-libkrb5-1.21.3-dev' from 'https://cache.nixos.org'...
copying path '/nix/store/j5axiqkqrj01njgdbbqqi71zvnx5dj64-liblqr-1-0.4.2' from 'https://cache.nixos.org'...
copying path '/nix/store/zp3acgr7k0kfip6l04vz50hfyj5hnnw4-libpsl-0.21.5-dev' from 'https://cache.nixos.org'...
copying path '/nix/store/yvfdsrdihzrsd2y6ci2id5alrdcjxg2c-libraw-0.21.2' from 'https://cache.nixos.org'...
copying path '/nix/store/1lrkymch3y0adliv36ikdddfsvif277q-libssh2-1.11.0-dev' from 'https://cache.nixos.org'...
copying path '/nix/store/72ddhqsm72lbzdv1izi97fdxbc7215i8-harfbuzz-9.0.0-dev' from 'https://cache.nixos.org'...
copying path '/nix/store/ijadl6nsmfnlv3dybjw478whdixgpz2k-libxml2-2.13.3-bin' from 'https://cache.nixos.org'...
copying path '/nix/store/bmhsykwcj7rpklgsi9i6w9ii2wbw80fk-libSM-1.2.4-dev' from 'https://cache.nixos.org'...
copying path '/nix/store/vyw8hgj89gj665cwlw1qxpnb0sxfr9zh-make-shell-wrapper-hook' from 'https://cache.nixos.org'...
copying path '/nix/store/a4bfg6gghl49lrl49d4hms5dvdj5r3wf-mirrors-list' from 'https://cache.nixos.org'...
copying path '/nix/store/g3i4s2p36biapi428i0lw5b66gbn0640-lcms2-2.16-dev' from 'https://cache.nixos.org'...
copying path '/nix/store/kiyw2yax3a1jr23y9lsfvm7537icpn7r-djvulibre-3.5.28-dev' from 'https://cache.nixos.org'...
copying path '/nix/store/q3xp033iranx47sc4lv6z0i99sfklmfj-libheif-1.18.0-dev' from 'https://cache.nixos.org'...
copying path '/nix/store/bd2j5i1pzhxgigaprkdvibsjgp5fqfdf-nghttp2-1.62.1' from 'https://cache.nixos.org'...
copying path '/nix/store/mird9i22lm3zfwavg8sp2qh15djsip38-libjxl-0.10.3-dev' from 'https://cache.nixos.org'...
copying path '/nix/store/znmb907x4l8fs4ryk2knxm7ch15cs575-libkrb5-1.21.3-dev' from 'https://cache.nixos.org'...
copying path '/nix/store/ax7aw1gacjs7l8cqq7yj8w6bn864qd1q-nghttp2-1.62.1-dev' from 'https://cache.nixos.org'...
copying path '/nix/store/f2qb1yzy30brxdr3wcw5scnvyh7ay3hb-nghttp2-1.62.1-lib' from 'https://cache.nixos.org'...
copying path '/nix/store/78r149sk5dccy8i7jfan9k6iwis5k1vs-openexr-2.5.10-bin' from 'https://cache.nixos.org'...
copying path '/nix/store/d60nmab62d6zxrwsad7ikqajdnsl4zpr-imagemagick-7.1.1-36' from 'https://cache.nixos.org'...
copying path '/nix/store/22fgrizlq583p83bb5rlvclrnprqz5vd-liblqr-1-0.4.2-dev' from 'https://cache.nixos.org'...
copying path '/nix/store/fazphc8g4fx13n59rikmwjdg9crggqk8-openjpeg-2.5.2-dev' from 'https://cache.nixos.org'...
copying path '/nix/store/h7clsl043dy9hzl12cdvxrvg8hcks26s-openssl-3.0.14' from 'https://cache.nixos.org'...
copying path '/nix/store/1fhblvwz4i1qvm6r1gbyvhi5y4i7hcp6-libXt-1.3.0-dev' from 'https://cache.nixos.org'...
copying path '/nix/store/wwvykr387hfxjy24bkm9r2vmd5skd415-update-autotools-gnu-config-scripts-hook' from 'https://cache.nixos.org'...
copying path '/nix/store/v5iqpidgngl4wrm2j0a198803qg2y247-libxml2-2.13.3-dev' from 'https://cache.nixos.org'...
copying path '/nix/store/kcgp2pgldgvmpx6pd8av796dzxpzga3j-libraw-0.21.2-dev' from 'https://cache.nixos.org'...
copying path '/nix/store/hix7sl0wxajb5aq14afjdvzc3w0i8b14-stdenv-linux' from 'https://cache.nixos.org'...
copying path '/nix/store/wb3pwfzcp5gyyhb51a69bwzznipmmgyq-stdenv-linux' from 'https://cache.nixos.org'...
copying path '/nix/store/wsv4nk804b2gwglgzvgwp8h4xqjk23xh-curl-8.9.0-dev' from 'https://cache.nixos.org'...
copying path '/nix/store/rh8f61dmkadbzllxg846zbhbj0dzzldj-openexr-2.5.10-dev' from 'https://cache.nixos.org'...
copying path '/nix/store/hb12nd84kbk9shj9n1f6rvfplqc93an6-nghttp2-1.62.1-dev' from 'https://cache.nixos.org'...
copying path '/nix/store/f6a81f3wnj3xrr06x0yydz6q5z5h81rw-pango-1.52.2-dev' from 'https://cache.nixos.org'...
building '/nix/store/gkdr2ndwh94jygdigf57bhsd828hv3lv-boot.json.drv'...
building '/nix/store/nwm8zpr89l5ipxyds0vjdfijlavjf85b-builder.pl.drv'...
building '/nix/store/3hc4gmfk2ksxvd9plg90rvshfb4g7xra-check-sshd-config.drv'...
building '/nix/store/91ydhybfv37ifbna9114k1j0wynq362j-ensure-all-wrappers-paths-exist.drv'...
building '/nix/store/57mv43kz00d3c2bw28ipf1spivmc82sf-obsidian.desktop.drv'...
building '/nix/store/13mi6glnk20qhms25nx7q3hgvvpf2vxf-stage-2-init.sh.drv'...
building '/nix/store/8zcrbha0ryxn0bblna1sdj5913kdnxc7-unit-console-getty.service-disabled.drv'...
building '/nix/store/gn9lyzd1549nf7a50db8fg7g608azcgh-unit-pipewire.service-disabled.drv'...
building '/nix/store/0qzxlby2w83yq5yd8zk69mc4r3wf6cqn-unit-pipewire.socket-disabled.drv'...
building '/nix/store/3ijbc5nx9iw26hr61d693c1s5vhzyd4r-unit-wireplumber.service-disabled.drv'...
copying path '/nix/store/hia3sw6xl3alp4agb3h0ljkbij2fskm3-imagemagick-7.1.1-36-dev' from 'https://cache.nixos.org'...
copying path '/nix/store/al83nrgg1q9qirsxcg30pzwj7mk4vw5p-libssh2-1.11.0' from 'https://cache.nixos.org'...
copying path '/nix/store/pcl5l1058kvfdbxqgs3liylilwrp6vrj-openssl-3.0.14-bin' from 'https://cache.nixos.org'...
copying path '/nix/store/xq8m8k8s13jzmalabd4ngargl62kafia-curl-8.9.0' from 'https://cache.nixos.org'...
copying path '/nix/store/85by4f63k5zfhk321k9r64ssddfrf0kq-openssl-3.0.14-dev' from 'https://cache.nixos.org'...
copying path '/nix/store/jjfmrvi9l7ng5rdsw2jdp5j840l6k31k-libssh2-1.11.0-dev' from 'https://cache.nixos.org'...
copying path '/nix/store/0n7cj4pdf5nkcv6kg2jd4ywjnp8aa9hk-curl-8.9.0-bin' from 'https://cache.nixos.org'...
copying path '/nix/store/4cvhp3ngf5nafp58vx6saypvdybijq8y-curl-8.9.0-dev' from 'https://cache.nixos.org'...
building '/nix/store/pqxahwjxjn53vs36njl86a44cccg6dqz-obsidian-1.6.7.tar.gz.drv'...
building '/nix/store/wl5gwga0gi3a7iwd8il3cpr7b6gw7sf2-obsidian-logo-gradient.svg.drv'...
building '/nix/store/f67n5yjjhkjwi5d86qlgq880yj3ks233-obsidian-1.6.7.drv'...
building '/nix/store/gjasv4rkbzyfhw4jw93ak448qqvz6w9j-system-path.drv'...
building '/nix/store/1a6nq490wf53ypm3gnkm0zn70x1f2fv2-X-Restart-Triggers-polkit.drv'...
building '/nix/store/9jvzv3vxbirpggfjpqbh3vpfap4n3ccm-dbus-1.drv'...
building '/nix/store/z99qhn3dpzfy461jyj009b2w3j5j7qyy-unit-accounts-daemon.service.drv'...
building '/nix/store/qjm6qkxfaj2c6i1vhwrhwgvr7a0kfvy5-X-Restart-Triggers-dbus.drv'...
building '/nix/store/h6qn59mim9wff498hyf3qrnc1czjr6x8-unit-polkit.service.drv'...
building '/nix/store/7w0r8n1b74mnryd3bb26rx9b9v54hh2y-unit-dbus.service.drv'...
building '/nix/store/g2k5i9jrxqpyajpa8flqk58084bi915k-unit-dbus.service.drv'...
building '/nix/store/ybc4a3q7m5r4a4z304hr4nm38i24w0x7-system-units.drv'...
building '/nix/store/5xq8jws0gjnlqnm0w3sjpciavqz8bn8i-user-units.drv'...
building '/nix/store/jzrqjajr6y79nakf37yv35iz45y9v56l-etc.drv'...
building '/nix/store/wh6asyjm8pz6hgqcw8ylx5rha8ik9adc-nixos-system-yoshi-24.11.20240814.c3aa7b8.drv'...
updating GRUB 2 menu...
stopping the following units: accounts-daemon.service
activating the configuration...
setting up /etc...
reloading user units for matthew_hre...
restarting sysinit-reactivation.target
reloading the following units: dbus.service
restarting the following units: polkit.service
starting the following units: accounts-daemon.service
the following new units were started: sysinit-reactivation.target, systemd-tmpfiles-resetup.service
